<?xml version="1.0" encoding="UTF-8"?>
<!-- Generated by org.testng.reporters.JUnitReportReporter -->
<testsuite hostname="L40877WIN" failures="0" tests="1" name="seleniumNewFeatures.Graph" time="36.569" errors="0" timestamp="12 Jan 2022 16:03:37 GMT" skipped="0">
  <testcase classname="seleniumNewFeatures.Graph" name="test" time="36.569"/>
</testsuite> <!-- seleniumNewFeatures.Graph -->
