<?xml version="1.0" encoding="UTF-8"?>
<!-- Generated by org.testng.reporters.JUnitReportReporter -->
<testsuite hostname="L40877WIN" failures="0" tests="6" name="seleniumNewFeatures.SuiteExecution1" time="0.008" errors="0" timestamp="18 Jan 2022 10:23:51 GMT" skipped="0">
  <testcase classname="seleniumNewFeatures.SuiteExecution1" name="test3" time="0.004"/>
  <testcase classname="seleniumNewFeatures.SuiteExecution1" name="test1" time="0.000"/>
  <testcase classname="seleniumNewFeatures.SuiteExecution1" name="test4" time="0.000"/>
  <testcase classname="seleniumNewFeatures.SuiteExecution1" name="test" time="0.001"/>
  <testcase classname="seleniumNewFeatures.SuiteExecution1" name="test5" time="0.002"/>
  <testcase classname="seleniumNewFeatures.SuiteExecution1" name="test2" time="0.001"/>
</testsuite> <!-- seleniumNewFeatures.SuiteExecution1 -->
