<?xml version="1.0" encoding="UTF-8"?>
<!-- Generated by org.testng.reporters.JUnitReportReporter -->
<testsuite hostname="L40877WIN" failures="0" tests="5" name="apiAutomation.First" time="0.015" errors="0" timestamp="12 Nov 2021 10:21:24 GMT" skipped="1">
  <testcase classname="apiAutomation.First" name="hello4" time="0.001"/>
  <testcase classname="apiAutomation.First" name="hello3" time="0.012"/>
  <testcase classname="apiAutomation.First" name="hello1" time="0.001"/>
  <testcase classname="apiAutomation.First" name="hello2" time="0.001"/>
  <testcase classname="apiAutomation.First" name="test">
    <skipped/>
  </testcase> <!-- test -->
</testsuite> <!-- apiAutomation.First -->
