<?xml version="1.0" encoding="UTF-8"?>
<!-- Generated by org.testng.reporters.JUnitReportReporter -->
<testsuite hostname="L40877WIN" failures="0" tests="2" name="seleniumNewFeatures.WindowHandles" time="35.383" errors="0" timestamp="16 Nov 2021 14:36:16 GMT" skipped="0">
  <testcase classname="seleniumNewFeatures.WindowHandles" name="test" time="15.038"/>
  <testcase classname="seleniumNewFeatures.WindowHandles" name="test" time="20.345"/>
</testsuite> <!-- seleniumNewFeatures.WindowHandles -->
