<?xml version="1.0" encoding="UTF-8"?>
<!-- Generated by org.testng.reporters.JUnitReportReporter -->
<testsuite hostname="L40877WIN" failures="0" tests="2" name="apiAutomation.Walmart" time="7.841" errors="0" timestamp="23 Nov 2021 09:25:14 GMT" skipped="0">
  <testcase classname="apiAutomation.Walmart" name="createUSer" time="7.279"/>
  <testcase classname="apiAutomation.Walmart" name="getUser" time="0.562"/>
</testsuite> <!-- apiAutomation.Walmart -->
